2025-10-09 10:05:55,189 [INFO] Activator:176 - 


2025-10-09 10:05:55,192 [INFO] Activator:177 - !SESSION log4j initialized
2025-10-09 10:06:01,195 [INFO] LogOutputStream:77 - [STDOUT_REDIRECT] 
2025-10-09 10:06:04,970 [INFO] ApplicationProperties:184 - Using Application install path: /opt/st/stm32cubeide_1.19.0/plugins/com.st.stm32cube.common.mx_6.15.0.202507011659
2025-10-09 10:06:05,048 [INFO] DbMcusXml:78 - Set database path to: /opt/st/stm32cubeide_1.19.0/plugins/com.st.stm32cube.common.mx_6.15.0.202507011659//db//mcu/
2025-10-09 10:06:05,049 [INFO] ApiDb:274 - Set plugin database path to: /opt/st/stm32cubeide_1.19.0/plugins/com.st.stm32cube.common.mx_6.15.0.202507011659//db//plugins/boardmanager/
2025-10-09 10:06:05,049 [WARN] ApiDb:259 - Overriding images path with different value:  => /opt/st/stm32cubeide_1.19.0/plugins/com.st.stm32cube.common.mx_6.15.0.202507011659//db//plugins/mcufinder/images/
2025-10-09 10:06:05,062 [INFO] ApiDb:250 - Set database path to: /home/nathan/.stmcufinder/plugins/mcufinder//mcu/
2025-10-09 10:06:05,065 [INFO] DbMcusAds:125 - Set database path to: /home/nathan/.stmcufinder/plugins/mcufinder//mcu/
2025-10-09 10:06:05,068 [INFO] CrossReferenceDbSqlite:203 - Set database path to: /home/nathan/.stmcufinder/plugins/mcufinder//mcu/cs/
2025-10-09 10:06:05,251 [INFO] RulesReader:64 - Compatibility file has been processed (317 Rules)
2025-10-09 10:06:05,327 [INFO] DbMcusXml:78 - Set database path to: /opt/st/stm32cubeide_1.19.0/plugins/com.st.stm32cube.common.mx_6.15.0.202507011659//db//mcu/
2025-10-09 10:06:05,327 [INFO] ApiDb:274 - Set plugin database path to: /opt/st/stm32cubeide_1.19.0/plugins/com.st.stm32cube.common.mx_6.15.0.202507011659//db//plugins/boardmanager/
2025-10-09 10:06:05,328 [INFO] ApiDb:261 - Set plugin images path to: /opt/st/stm32cubeide_1.19.0/plugins/com.st.stm32cube.common.mx_6.15.0.202507011659//db//plugins/mcufinder/images/
2025-10-09 10:06:05,328 [WARN] DbFile:41 - Overriding database path with different value: /home/nathan/.stmcufinder/plugins/mcufinder/ => /home/nathan/.stmcufinder/plugins/mcufinder
2025-10-09 10:06:05,328 [INFO] ApiDb:250 - Set database path to: /home/nathan/.stmcufinder/plugins/mcufinder//mcu/
2025-10-09 10:06:05,328 [WARN] DbFile:41 - Overriding database path with different value: /home/nathan/.stmcufinder/plugins/mcufinder/ => /home/nathan/.stmcufinder/plugins/mcufinder
2025-10-09 10:06:05,328 [INFO] DbMcusAds:125 - Set database path to: /home/nathan/.stmcufinder/plugins/mcufinder//mcu/
2025-10-09 10:06:05,328 [WARN] DbFile:41 - Overriding database path with different value: /home/nathan/.stmcufinder/plugins/mcufinder/ => /home/nathan/.stmcufinder/plugins/mcufinder
2025-10-09 10:06:05,328 [WARN] DbFile:41 - Overriding database path with different value: /home/nathan/.stmcufinder/plugins/mcufinder/ => /home/nathan/.stmcufinder/plugins/mcufinder
2025-10-09 10:06:05,328 [INFO] CrossReferenceDbSqlite:203 - Set database path to: /home/nathan/.stmcufinder/plugins/mcufinder//mcu/cs/
2025-10-09 10:06:05,416 [INFO] MainPanel:274 - HeapMemory: 292552704
2025-10-09 10:06:05,554 [INFO] DbMcusXml:78 - Set database path to: /opt/st/stm32cubeide_1.19.0/plugins/com.st.stm32cube.common.mx_6.15.0.202507011659//db//mcu/
2025-10-09 10:06:05,554 [INFO] ApiDb:274 - Set plugin database path to: /opt/st/stm32cubeide_1.19.0/plugins/com.st.stm32cube.common.mx_6.15.0.202507011659//db//plugins/boardmanager/
2025-10-09 10:06:05,554 [INFO] ApiDb:261 - Set plugin images path to: /opt/st/stm32cubeide_1.19.0/plugins/com.st.stm32cube.common.mx_6.15.0.202507011659//db//plugins/mcufinder/images/
2025-10-09 10:06:05,554 [WARN] DbFile:41 - Overriding database path with different value: /home/nathan/.stmcufinder/plugins/mcufinder/ => /home/nathan/.stmcufinder/plugins/mcufinder
2025-10-09 10:06:05,555 [INFO] ApiDb:250 - Set database path to: /home/nathan/.stmcufinder/plugins/mcufinder//mcu/
2025-10-09 10:06:05,555 [WARN] DbFile:41 - Overriding database path with different value: /home/nathan/.stmcufinder/plugins/mcufinder/ => /home/nathan/.stmcufinder/plugins/mcufinder
2025-10-09 10:06:05,555 [INFO] DbMcusAds:125 - Set database path to: /home/nathan/.stmcufinder/plugins/mcufinder//mcu/
2025-10-09 10:06:05,555 [WARN] DbFile:41 - Overriding database path with different value: /home/nathan/.stmcufinder/plugins/mcufinder/ => /home/nathan/.stmcufinder/plugins/mcufinder
2025-10-09 10:06:05,555 [WARN] DbFile:41 - Overriding database path with different value: /home/nathan/.stmcufinder/plugins/mcufinder/ => /home/nathan/.stmcufinder/plugins/mcufinder
2025-10-09 10:06:05,555 [INFO] CrossReferenceDbSqlite:203 - Set database path to: /home/nathan/.stmcufinder/plugins/mcufinder//mcu/cs/
2025-10-09 10:06:05,569 [INFO] ApplicationProperties:184 - Using Application install path: /opt/st/stm32cubeide_1.19.0/plugins/com.st.stm32cube.common.mx_6.15.0.202507011659
2025-10-09 10:06:05,571 [INFO] PluginManage:196 - Search for loadable plugins [exclusion list=, ]
2025-10-09 10:06:05,573 [INFO] PluginManage:310 - Check plugin analytics
2025-10-09 10:06:05,727 [INFO] AnalyticsPlugin:253 - Accepted Software Licenses: 
2025-10-09 10:06:05,728 [INFO] AnalyticsPlugin:255 - Accepted CMSIS Pack Licenses: 
2025-10-09 10:06:05,728 [INFO] AnalyticsPlugin:257 - Accepted Firmware Licenses: FW.MP1.1.7.0
2025-10-09 10:06:05,734 [INFO] PluginManage:359 - Loaded plugin analytics (category:tool,tabindex:-1)
2025-10-09 10:06:05,734 [INFO] PluginManage:310 - Check plugin cadmodel
2025-10-09 10:06:05,743 [INFO] CADModel:105 - Init CAD model plugin
2025-10-09 10:06:05,743 [INFO] PluginManage:359 - Loaded plugin cadmodel (category:power,tabindex:5)
2025-10-09 10:06:05,743 [INFO] PluginManage:310 - Check plugin clock
2025-10-09 10:06:05,757 [INFO] PluginManage:359 - Loaded plugin clock (category:base,tabindex:2)
2025-10-09 10:06:05,757 [INFO] PluginManage:310 - Check plugin ddr
2025-10-09 10:06:05,761 [INFO] PluginManage:359 - Loaded plugin ddr (category:tool,tabindex:6)
2025-10-09 10:06:05,762 [INFO] PluginManage:310 - Check plugin filemanager
2025-10-09 10:06:05,951 [INFO] PluginManage:359 - Loaded plugin filemanager (category:base,tabindex:10)
2025-10-09 10:06:05,951 [INFO] PluginManage:310 - Check plugin ipmanager
2025-10-09 10:06:05,956 [INFO] PluginManage:359 - Loaded plugin ipmanager (category:base,tabindex:5)
2025-10-09 10:06:05,957 [INFO] PluginManage:310 - Check plugin lpbam
2025-10-09 10:06:05,967 [INFO] PluginManage:359 - Loaded plugin lpbam (category:base,tabindex:0)
2025-10-09 10:06:05,968 [INFO] PluginManage:310 - Check plugin memorymap
2025-10-09 10:06:05,984 [INFO] PluginManage:359 - Loaded plugin memorymap (category:base,tabindex:4)
2025-10-09 10:06:05,984 [INFO] PluginManage:310 - Check plugin pinoutandconfiguration
2025-10-09 10:06:05,996 [INFO] PluginManage:359 - Loaded plugin pinoutandconfiguration (category:base,tabindex:1)
2025-10-09 10:06:05,996 [INFO] PluginManage:310 - Check plugin pinoutconfig
2025-10-09 10:06:06,072 [WARN] SupportedApi:132 - Cannot load RTOS API schema: s4s-elt-must-match.1: The content of 'definitions' must match (annotation?, (simpleType | complexType)?, (unique | key | keyref)*)). A problem was found starting at: attribute.
2025-10-09 10:06:06,242 [INFO] PluginManage:359 - Loaded plugin pinoutconfig (category:base,tabindex:0)
2025-10-09 10:06:06,242 [INFO] PluginManage:310 - Check plugin power
2025-10-09 10:06:06,254 [INFO] PluginManage:359 - Loaded plugin power (category:power,tabindex:4)
2025-10-09 10:06:06,254 [INFO] PluginManage:310 - Check plugin projectmanager
2025-10-09 10:06:06,267 [INFO] PluginManage:359 - Loaded plugin projectmanager (category:projectmanager,tabindex:4)
2025-10-09 10:06:06,267 [INFO] PluginManage:310 - Check plugin rif
2025-10-09 10:06:06,280 [INFO] PluginManage:359 - Loaded plugin rif (category:base,tabindex:3)
2025-10-09 10:06:06,280 [INFO] PluginManage:310 - Check plugin thirdparty
2025-10-09 10:06:06,404 [INFO] PluginManage:359 - Loaded plugin thirdparty (category:base,tabindex:-1)
2025-10-09 10:06:06,404 [INFO] PluginManage:310 - Check plugin tools
2025-10-09 10:06:06,404 [WARN] IntegrityCheckThread:84 - waiting for thirdparty lock release [integrity check]
2025-10-09 10:06:06,404 [INFO] IntegrityCheckThread:86 - entering critical section [integrity check]
2025-10-09 10:06:06,405 [INFO] ThirdPartyUpdaterWithRetryManager:70 - Updater plugin not ready yet. [1/15]
2025-10-09 10:06:06,407 [INFO] PluginManage:359 - Loaded plugin tools (category:base,tabindex:7)
2025-10-09 10:06:06,407 [INFO] PluginManage:310 - Check plugin tutovideos
2025-10-09 10:06:06,610 [INFO] PluginManage:359 - Loaded plugin tutovideos (category:base,tabindex:-1)
2025-10-09 10:06:06,610 [INFO] PluginManage:310 - Check plugin updater
2025-10-09 10:06:06,636 [INFO] PluginManage:359 - Loaded plugin updater (category:base,tabindex:12)
2025-10-09 10:06:06,636 [INFO] PluginManage:310 - Check plugin userauth
2025-10-09 10:06:06,642 [INFO] UserAuth:118 - Init User Auth plugin
2025-10-09 10:06:06,642 [INFO] PluginManage:359 - Loaded plugin userauth (category:base,tabindex:14)
2025-10-09 10:06:06,642 [INFO] PluginManage:283 - PluginManage : Loaded plugins [18]
2025-10-09 10:06:06,933 [INFO] PinOutPanel:1589 - setPackage(No Configuration,No Configuration)
2025-10-09 10:06:07,007 [INFO] CADModel:165 - CPN selected for project level
2025-10-09 10:06:07,007 [INFO] CADModel:114 - Register for checkConnection events
2025-10-09 10:06:07,021 [INFO] IPUIPlugin:80 - create IPUIPlugin
2025-10-09 10:06:07,021 [INFO] PluginManager:220 - loadIPPluginJar : add fatfs
2025-10-09 10:06:07,024 [INFO] IPUIPlugin:80 - create IPUIPlugin
2025-10-09 10:06:07,024 [INFO] PluginManager:220 - loadIPPluginJar : add tsc
2025-10-09 10:06:07,026 [INFO] IPUIPlugin:80 - create IPUIPlugin
2025-10-09 10:06:07,026 [INFO] PluginManager:220 - loadIPPluginJar : add quadspi
2025-10-09 10:06:07,040 [INFO] IPUIPlugin:80 - create IPUIPlugin
2025-10-09 10:06:07,042 [INFO] PluginManager:220 - loadIPPluginJar : add plateformsettings
2025-10-09 10:06:07,045 [INFO] IPUIPlugin:80 - create IPUIPlugin
2025-10-09 10:06:07,045 [INFO] PluginManager:220 - loadIPPluginJar : add ts
2025-10-09 10:06:07,048 [INFO] IPUIPlugin:80 - create IPUIPlugin
2025-10-09 10:06:07,048 [INFO] PluginManager:220 - loadIPPluginJar : add ucpd
2025-10-09 10:06:07,056 [INFO] IPUIPlugin:80 - create IPUIPlugin
2025-10-09 10:06:07,056 [INFO] PluginManager:220 - loadIPPluginJar : add pdm2pcm
2025-10-09 10:06:07,059 [INFO] IPUIPlugin:80 - create IPUIPlugin
2025-10-09 10:06:07,060 [INFO] PluginManager:220 - loadIPPluginJar : add aes
2025-10-09 10:06:07,064 [INFO] IPUIPlugin:80 - create IPUIPlugin
2025-10-09 10:06:07,064 [INFO] PluginManager:220 - loadIPPluginJar : add opamp
2025-10-09 10:06:07,068 [INFO] IPUIPlugin:80 - create IPUIPlugin
2025-10-09 10:06:07,068 [INFO] PluginManager:220 - loadIPPluginJar : add ipddr
2025-10-09 10:06:07,075 [INFO] IPUIPlugin:80 - create IPUIPlugin
2025-10-09 10:06:07,076 [INFO] PluginManager:220 - loadIPPluginJar : add freertos
2025-10-09 10:06:07,083 [INFO] IPUIPlugin:80 - create IPUIPlugin
2025-10-09 10:06:07,084 [INFO] PluginManager:220 - loadIPPluginJar : add adc
2025-10-09 10:06:07,087 [INFO] IPUIPlugin:80 - create IPUIPlugin
2025-10-09 10:06:07,087 [INFO] PluginManager:220 - loadIPPluginJar : add gfxmmu
2025-10-09 10:06:07,095 [INFO] IPUIPlugin:80 - create IPUIPlugin
2025-10-09 10:06:07,096 [INFO] PluginManager:220 - loadIPPluginJar : add mdma
2025-10-09 10:06:07,101 [INFO] IPUIPlugin:80 - create IPUIPlugin
2025-10-09 10:06:07,101 [INFO] PluginManager:220 - loadIPPluginJar : add i3c
2025-10-09 10:06:07,103 [INFO] IPUIPlugin:80 - create IPUIPlugin
2025-10-09 10:06:07,103 [INFO] PluginManager:220 - loadIPPluginJar : add tracer_emb
2025-10-09 10:06:07,106 [INFO] IPUIPlugin:80 - create IPUIPlugin
2025-10-09 10:06:07,106 [INFO] PluginManager:220 - loadIPPluginJar : add dfsdm
2025-10-09 10:06:07,108 [INFO] IPUIPlugin:80 - create IPUIPlugin
2025-10-09 10:06:07,109 [INFO] PluginManager:220 - loadIPPluginJar : add usart
2025-10-09 10:06:07,112 [INFO] IPUIPlugin:80 - create IPUIPlugin
2025-10-09 10:06:07,112 [INFO] PluginManager:220 - loadIPPluginJar : add extmemmanager
2025-10-09 10:06:07,118 [INFO] IPUIPlugin:80 - create IPUIPlugin
2025-10-09 10:06:07,118 [INFO] PluginManager:220 - loadIPPluginJar : add gpio
2025-10-09 10:06:07,122 [INFO] IPUIPlugin:80 - create IPUIPlugin
2025-10-09 10:06:07,122 [INFO] PluginManager:220 - loadIPPluginJar : add openamp
2025-10-09 10:06:07,130 [INFO] IPUIPlugin:80 - create IPUIPlugin
2025-10-09 10:06:07,130 [INFO] PluginManager:220 - loadIPPluginJar : add gic
2025-10-09 10:06:07,135 [INFO] IPUIPlugin:80 - create IPUIPlugin
2025-10-09 10:06:07,136 [INFO] PluginManager:220 - loadIPPluginJar : add ddr_ctrl_phy
2025-10-09 10:06:07,139 [INFO] IPUIPlugin:80 - create IPUIPlugin
2025-10-09 10:06:07,139 [INFO] PluginManager:220 - loadIPPluginJar : add spi
2025-10-09 10:06:07,142 [INFO] IPUIPlugin:80 - create IPUIPlugin
2025-10-09 10:06:07,142 [INFO] PluginManager:220 - loadIPPluginJar : add radio
2025-10-09 10:06:07,145 [INFO] IPUIPlugin:80 - create IPUIPlugin
2025-10-09 10:06:07,145 [INFO] PluginManager:220 - loadIPPluginJar : add touchsensing
2025-10-09 10:06:07,152 [INFO] IPUIPlugin:80 - create IPUIPlugin
2025-10-09 10:06:07,152 [INFO] PluginManager:220 - loadIPPluginJar : add resmgrutility
2025-10-09 10:06:07,159 [INFO] IPUIPlugin:80 - create IPUIPlugin
2025-10-09 10:06:07,159 [INFO] PluginManager:220 - loadIPPluginJar : add stm32_wpan
2025-10-09 10:06:07,163 [INFO] IPUIPlugin:80 - create IPUIPlugin
2025-10-09 10:06:07,164 [INFO] PluginManager:220 - loadIPPluginJar : add usbx
2025-10-09 10:06:07,166 [INFO] IPUIPlugin:80 - create IPUIPlugin
2025-10-09 10:06:07,166 [INFO] PluginManager:220 - loadIPPluginJar : add lorawan
2025-10-09 10:06:07,168 [INFO] IPUIPlugin:80 - create IPUIPlugin
2025-10-09 10:06:07,168 [INFO] PluginManager:220 - loadIPPluginJar : add hash
2025-10-09 10:06:07,175 [INFO] IPUIPlugin:80 - create IPUIPlugin
2025-10-09 10:06:07,176 [INFO] PluginManager:220 - loadIPPluginJar : add nvic
2025-10-09 10:06:07,179 [INFO] IPUIPlugin:80 - create IPUIPlugin
2025-10-09 10:06:07,179 [INFO] PluginManager:220 - loadIPPluginJar : add can
2025-10-09 10:06:07,186 [INFO] IPUIPlugin:80 - create IPUIPlugin
2025-10-09 10:06:07,186 [INFO] PluginManager:220 - loadIPPluginJar : add linkedlist
2025-10-09 10:06:07,189 [INFO] IPUIPlugin:80 - create IPUIPlugin
2025-10-09 10:06:07,189 [INFO] PluginManager:220 - loadIPPluginJar : add dma3
2025-10-09 10:06:07,193 [INFO] IPUIPlugin:80 - create IPUIPlugin
2025-10-09 10:06:07,193 [INFO] PluginManager:220 - loadIPPluginJar : add i2c
2025-10-09 10:06:07,196 [INFO] IPUIPlugin:80 - create IPUIPlugin
2025-10-09 10:06:07,196 [INFO] PluginManager:220 - loadIPPluginJar : add cryp
2025-10-09 10:06:07,199 [INFO] IPUIPlugin:80 - create IPUIPlugin
2025-10-09 10:06:07,199 [INFO] PluginManager:220 - loadIPPluginJar : add ltdc
2025-10-09 10:06:07,201 [INFO] IPUIPlugin:80 - create IPUIPlugin
2025-10-09 10:06:07,201 [INFO] PluginManager:220 - loadIPPluginJar : add i2s
2025-10-09 10:06:07,207 [INFO] IPUIPlugin:80 - create IPUIPlugin
2025-10-09 10:06:07,207 [INFO] PluginManager:220 - loadIPPluginJar : add dma
2025-10-09 10:06:07,209 [INFO] IPUIPlugin:80 - create IPUIPlugin
2025-10-09 10:06:07,210 [INFO] PluginManager:220 - loadIPPluginJar : add genericplugin
2025-10-09 10:06:07,214 [INFO] IPUIPlugin:80 - create IPUIPlugin
2025-10-09 10:06:07,214 [INFO] PluginManager:220 - loadIPPluginJar : add gtzc
2025-10-09 10:06:07,216 [INFO] IPUIPlugin:80 - create IPUIPlugin
2025-10-09 10:06:07,216 [INFO] PluginManager:220 - loadIPPluginJar : add tim
2025-10-09 10:06:07,218 [INFO] IPUIPlugin:80 - create IPUIPlugin
2025-10-09 10:06:07,218 [INFO] PluginManager:220 - loadIPPluginJar : add comp
2025-10-09 10:06:07,221 [INFO] IPUIPlugin:80 - create IPUIPlugin
2025-10-09 10:06:07,221 [INFO] PluginManager:220 - loadIPPluginJar : add sai
2025-10-09 10:06:07,226 [INFO] IPUIPlugin:80 - create IPUIPlugin
2025-10-09 10:06:07,226 [INFO] PluginManager:220 - loadIPPluginJar : add fmc
2025-10-09 10:06:07,329 [FATAL] Updater:351 - Updater called before beeing initialized
2025-10-09 10:06:07,363 [INFO] RulesReader:64 - Compatibility file has been processed (317 Rules)
2025-10-09 10:06:07,369 [INFO] RulesReader:64 - Compatibility file has been processed (317 Rules)
2025-10-09 10:06:07,376 [INFO] CADModel:165 - CPN selected for project level
2025-10-09 10:06:07,376 [INFO] CADModel:114 - Register for checkConnection events
2025-10-09 10:06:07,376 [FATAL] Updater:351 - Updater called before beeing initialized
2025-10-09 10:06:07,376 [ERROR] CADModel:125 - Updater not yet initialized, retry later 
2025-10-09 10:06:07,521 [FATAL] Updater:351 - Updater called before beeing initialized
2025-10-09 10:06:07,522 [INFO] CADModel:165 - CPN selected for project level
2025-10-09 10:06:07,522 [INFO] CADModel:114 - Register for checkConnection events
2025-10-09 10:06:07,522 [FATAL] Updater:351 - Updater called before beeing initialized
2025-10-09 10:06:07,522 [ERROR] CADModel:125 - Updater not yet initialized, retry later 
2025-10-09 10:06:07,524 [FATAL] Updater:351 - Updater called before beeing initialized
2025-10-09 10:06:07,596 [FATAL] Updater:351 - Updater called before beeing initialized
2025-10-09 10:06:07,599 [INFO] DbMcusAds:53 - JSON generation date=Thu Oct 02 10:36:05 BST 2025 (1759397765045)
2025-10-09 10:06:07,600 [FATAL] Updater:351 - Updater called before beeing initialized
2025-10-09 10:06:07,632 [WARN] DetailPanel:346 - Failed to get advertising image, set to default
2025-10-09 10:06:07,690 [FATAL] Updater:351 - Updater called before beeing initialized
2025-10-09 10:06:07,696 [FATAL] Updater:351 - Updater called before beeing initialized
2025-10-09 10:06:07,697 [FATAL] Updater:351 - Updater called before beeing initialized
2025-10-09 10:06:07,697 [WARN] DetailPanel:346 - Failed to get advertising image, set to default
2025-10-09 10:06:07,698 [FATAL] Updater:351 - Updater called before beeing initialized
2025-10-09 10:06:07,725 [ERROR] Updater:1198 - MainUpdater not yet initialized. External WinMGr cannot be set.
2025-10-09 10:06:07,727 [INFO] Updater:1134 - Updater Version found : 6.15.0
2025-10-09 10:06:07,747 [INFO] ApplicationProperties:184 - Using Application install path: /opt/st/stm32cubeide_1.19.0/plugins/com.st.stm32cube.common.mx_6.15.0.202507011659
2025-10-09 10:06:07,762 [ERROR] LogOutputStream:75 - [STDERR_REDIRECT] Oct 09, 2025 10:06:07 AM java.util.prefs.FileSystemPreferences$2 run
2025-10-09 10:06:07,762 [ERROR] LogOutputStream:75 - [STDERR_REDIRECT] WARNING: Could not create system preferences directory. System preferences are unusable.
2025-10-09 10:06:07,762 [ERROR] LogOutputStream:75 - [STDERR_REDIRECT] 
2025-10-09 10:06:08,122 [INFO] MainUpdater:2872 - connection check result : 10
2025-10-09 10:06:08,122 [INFO] MainUpdater:289 - Updater Check For Update Now.
2025-10-09 10:06:08,123 [INFO] MicroXplorer:498 - Change Database Version : DB.6.0.150
2025-10-09 10:06:08,127 [INFO] McuFinderGlobals:63 - Set McuFinder mode to 2 (CubeIDE integrated)
2025-10-09 10:06:08,127 [INFO] UserAuth:171 - activating auth plugin
2025-10-09 10:06:08,131 [INFO] UserAuth:487 - Internet connection configuration mode: 1
2025-10-09 10:06:08,184 [INFO] JxBrowserEngine:152 - Initiate JxBrowser Engine with user profile folder
2025-10-09 10:06:08,304 [INFO] CheckServerUpdateThread:120 - End of CheckServer Thread
2025-10-09 10:06:11,742 [WARN] PackLoader:240 - Cannot read IP mode file for STMicroelectronics.FP-SNS-MOTENVWB1.1.4.0
2025-10-09 10:06:11,751 [WARN] PackLoader:240 - Cannot read IP mode file for STMicroelectronics.FP-ATR-ASTRA1.2.0.2
2025-10-09 10:06:11,779 [WARN] PackLoader:240 - Cannot read IP mode file for STMicroelectronics.X-CUBE-SMBUS.2.1.0
2025-10-09 10:06:11,799 [WARN] PackLoader:240 - Cannot read IP mode file for STMicroelectronics.X-CUBE-ST60.1.0.0
2025-10-09 10:06:11,904 [WARN] PackLoader:240 - Cannot read IP mode file for STMicroelectronics.X-CUBE-AZRTOS-F7.1.1.0
2025-10-09 10:06:11,952 [WARN] PackLoader:240 - Cannot read IP mode file for Cesanta.I-CUBE-Mongoose.7.19.0
2025-10-09 10:06:12,100 [WARN] PackLoader:240 - Cannot read IP mode file for WES.I-CUBE-Cesium.1.4.0
2025-10-09 10:06:12,275 [WARN] PackLoader:240 - Cannot read IP mode file for Infineon.AIROC-Wi-Fi-Bluetooth-STM32.1.7.1
2025-10-09 10:06:12,975 [WARN] PackLoader:240 - Cannot read IP mode file for STMicroelectronics.X-CUBE-AZRTOS-H7.3.4.0
2025-10-09 10:06:13,323 [WARN] PackLoader:240 - Cannot read IP mode file for STMicroelectronics.X-CUBE-DISPLAY.3.0.0
2025-10-09 10:06:13,369 [WARN] PackLoader:240 - Cannot read IP mode file for STMicroelectronics.X-CUBE-NFC10.1.0.0
2025-10-09 10:06:13,460 [WARN] PackLoader:240 - Cannot read IP mode file for emotas.I-CUBE-CANOPEN.1.3.0
2025-10-09 10:06:13,513 [WARN] PackLoader:240 - Cannot read IP mode file for STMicroelectronics.FP-SNS-STBOX1.2.1.0
2025-10-09 10:06:13,536 [WARN] PackLoader:240 - Cannot read IP mode file for STMicroelectronics.FP-SNS-SMARTAG2.1.2.0
2025-10-09 10:06:13,543 [WARN] PackLoader:240 - Cannot read IP mode file for STMicroelectronics.FP-SNS-FLIGHT1.5.1.0
2025-10-09 10:06:13,606 [INFO] LogOutputStream:77 - [STDOUT_REDIRECT] 1 : Invalid condition id : UX_CORESTACK_Condition cause : null
2025-10-09 10:06:13,618 [INFO] LogOutputStream:77 - [STDOUT_REDIRECT] 1 : Invalid condition id : UX_CORESTACK_Condition cause : null
2025-10-09 10:06:13,639 [INFO] LogOutputStream:77 - [STDOUT_REDIRECT] 1 : Invalid condition id : UX_CORESTACK_Condition cause : null
2025-10-09 10:06:13,653 [INFO] LogOutputStream:77 - [STDOUT_REDIRECT] 1 : Invalid condition id : UX_CORESTACK_Condition cause : null
2025-10-09 10:06:13,654 [INFO] LogOutputStream:77 - [STDOUT_REDIRECT] 1 : Invalid condition id : UX_CORESTACK_Condition cause : null
2025-10-09 10:06:13,674 [WARN] PackLoader:240 - Cannot read IP mode file for STMicroelectronics.X-CUBE-AZRTOS-WL.2.0.0
2025-10-09 10:06:13,688 [WARN] PackLoader:240 - Cannot read IP mode file for STMicroelectronics.FP-SNS-MOTENV1.5.0.0
2025-10-09 10:06:13,711 [WARN] PackLoader:240 - Cannot read IP mode file for STMicroelectronics.X-CUBE-BLE2.3.3.0
2025-10-09 10:06:13,731 [WARN] PackLoader:240 - Cannot read IP mode file for STMicroelectronics.X-CUBE-NFC9.1.0.0
2025-10-09 10:06:13,773 [WARN] PackLoader:240 - Cannot read IP mode file for wolfSSL.I-CUBE-wolfSSL.5.8.2
2025-10-09 10:06:13,855 [WARN] PackLoader:240 - Cannot read IP mode file for STMicroelectronics.X-CUBE-BLE1.7.1.0
2025-10-09 10:06:13,908 [WARN] PackLoader:240 - Cannot read IP mode file for wolfSSL.I-CUBE-wolfMQTT.1.19.2
2025-10-09 10:06:13,936 [WARN] PackLoader:240 - Cannot read IP mode file for STMicroelectronics.X-CUBE-EEPRMA1.5.2.0
2025-10-09 10:06:13,951 [WARN] PackLoader:240 - Cannot read IP mode file for STMicroelectronics.X-CUBE-AZRTOS-G0.1.1.0
2025-10-09 10:06:13,956 [WARN] PackLoader:240 - Cannot read IP mode file for STMicroelectronics.X-CUBE-SAFEA1.1.2.2
2025-10-09 10:06:13,975 [WARN] PackLoader:240 - Cannot read IP mode file for STMicroelectronics.X-CUBE-NFC4.3.0.0
2025-10-09 10:06:13,996 [WARN] PackLoader:240 - Cannot read IP mode file for EmbeddedOffice.I-CUBE-FS-RTOS.1.0.1
2025-10-09 10:06:14,001 [WARN] PackLoader:240 - Cannot read IP mode file for STMicroelectronics.X-CUBE-WB05N.2.0.0
2025-10-09 10:06:14,004 [WARN] PackLoader:240 - Cannot read IP mode file for wolfSSL.I-CUBE-wolfTPM.3.8.0
2025-10-09 10:06:14,008 [WARN] PackLoader:240 - Cannot read IP mode file for STMicroelectronics.X-CUBE-TCPP.4.2.0
2025-10-09 10:06:14,012 [WARN] PackLoader:240 - Cannot read IP mode file for RealThread.X-CUBE-RT-Thread_Nano.4.1.1
2025-10-09 10:06:14,014 [WARN] PackLoader:240 - Cannot read IP mode file for STMicroelectronics.FP-ATR-SIGFOX1.3.2.0
2025-10-09 10:06:14,018 [WARN] PackLoader:240 - Cannot read IP mode file for ITTIA_DB.I-CUBE-ITTIADB.8.9.0
2025-10-09 10:06:14,021 [INFO] WebApp:169 - Instantiating new browser for Auth
2025-10-09 10:06:14,021 [WARN] PackLoader:240 - Cannot read IP mode file for STMicroelectronics.X-CUBE-ST67W61.1.0.0
2025-10-09 10:06:14,023 [WARN] PackLoader:240 - Cannot read IP mode file for STMicroelectronics.X-CUBE-AI.10.2.0
2025-10-09 10:06:14,259 [WARN] PackLoader:240 - Cannot read IP mode file for SEGGER.I-CUBE-embOS.1.3.1
2025-10-09 10:06:14,321 [WARN] PackLoader:240 - Cannot read IP mode file for STMicroelectronics.X-CUBE-ALGOBUILD.1.4.0
2025-10-09 10:06:14,369 [WARN] PackLoader:240 - Cannot read IP mode file for STMicroelectronics.X-CUBE-MEMS1.11.3.0
2025-10-09 10:06:14,559 [WARN] PackLoader:240 - Cannot read IP mode file for STMicroelectronics.X-CUBE-PM33A1.1.0.0
2025-10-09 10:06:14,573 [WARN] PackLoader:240 - Cannot read IP mode file for STMicroelectronics.X-CUBE-AZRTOS-F4.1.1.0
2025-10-09 10:06:14,577 [WARN] PackLoader:240 - Cannot read IP mode file for STMicroelectronics.X-CUBE-ISPU.2.1.0
2025-10-09 10:06:14,582 [WARN] PackLoader:240 - Cannot read IP mode file for STMicroelectronics.X-CUBE-NFC12.1.0.0
2025-10-09 10:06:14,591 [WARN] PackLoader:240 - Cannot read IP mode file for STMicroelectronics.X-CUBE-AZRTOS-L5.2.0.0
2025-10-09 10:06:14,596 [WARN] PackLoader:240 - Cannot read IP mode file for STMicroelectronics.X-CUBE-NFC6.3.1.0
2025-10-09 10:06:14,600 [WARN] PackLoader:240 - Cannot read IP mode file for STMicroelectronics.X-CUBE-FREERTOS.1.3.1
2025-10-09 10:06:14,610 [WARN] PackLoader:240 - Cannot read IP mode file for STMicroelectronics.X-CUBE-TOUCHGFX.4.26.0
2025-10-09 10:06:14,613 [WARN] PackLoader:240 - Cannot read IP mode file for STMicroelectronics.FP-SNS-STAIOTCFT.1.0.0
2025-10-09 10:06:14,616 [WARN] PackLoader:240 - Cannot read IP mode file for STMicroelectronics.X-CUBE-DPower.1.3.0
2025-10-09 10:06:14,630 [WARN] ConditionMgr:438 - getConditionDescription Invalid condition id : LAN8742 Phy interface Condition cause : null
2025-10-09 10:06:14,631 [WARN] PackLoader:240 - Cannot read IP mode file for STMicroelectronics.X-CUBE-AZRTOS-L4.2.0.0
2025-10-09 10:06:14,631 [WARN] ConditionMgr:1044 - genDependencies : Invalid condition id : LAN8742 Phy interface Condition cause : null
2025-10-09 10:06:14,631 [WARN] ConditionMgr:1044 - genDependencies : Invalid condition id : LAN8742 Phy interface Condition cause : null
2025-10-09 10:06:14,632 [WARN] ConditionMgr:1044 - genDependencies : Invalid condition id : LAN8742 Phy interface Condition cause : null
2025-10-09 10:06:14,638 [WARN] PackLoader:240 - Cannot read IP mode file for STMicroelectronics.X-CUBE-SFXS2LP1.4.0.0
2025-10-09 10:06:14,649 [WARN] PackLoader:240 - Cannot read IP mode file for STMicroelectronics.X-CUBE-BLEMGR.4.1.0
2025-10-09 10:06:14,659 [WARN] ConditionMgr:438 - getConditionDescription Invalid condition id : UX DEVICE CLASS RTOS Condition cause : null
2025-10-09 10:06:14,659 [WARN] ConditionMgr:438 - getConditionDescription Invalid condition id : UX DEVICE CLASS RTOS Condition cause : null
2025-10-09 10:06:14,660 [WARN] PackLoader:240 - Cannot read IP mode file for STMicroelectronics.X-CUBE-AZRTOS-WB.2.0.0
2025-10-09 10:06:14,660 [WARN] ConditionMgr:1044 - genDependencies : Invalid condition id : UX DEVICE CLASS RTOS Condition cause : null
2025-10-09 10:06:14,660 [WARN] ConditionMgr:1044 - genDependencies : Invalid condition id : UX DEVICE CLASS RTOS Condition cause : null
2025-10-09 10:06:14,660 [WARN] ConditionMgr:1044 - genDependencies : Invalid condition id : UX DEVICE CLASS RTOS Condition cause : null
2025-10-09 10:06:14,660 [WARN] ConditionMgr:1044 - genDependencies : Invalid condition id : UX DEVICE CLASS RTOS Condition cause : null
2025-10-09 10:06:14,660 [WARN] ConditionMgr:1044 - genDependencies : Invalid condition id : UX DEVICE CLASS RTOS Condition cause : null
2025-10-09 10:06:14,664 [WARN] PackLoader:240 - Cannot read IP mode file for STMicroelectronics.X-CUBE-GNSS1.7.0.1
2025-10-09 10:06:14,667 [WARN] ConditionMgr:438 - getConditionDescription Invalid condition id : Cortex-A Device cause : null
2025-10-09 10:06:14,697 [WARN] ConditionMgr:1044 - genDependencies : Invalid condition id : Cortex-A Device cause : null
2025-10-09 10:06:14,698 [WARN] ConditionMgr:1044 - genDependencies : Invalid condition id : Cortex-A Device cause : null
2025-10-09 10:06:14,698 [WARN] ConditionMgr:1044 - genDependencies : Invalid condition id : Cortex-A Device cause : null
2025-10-09 10:06:14,767 [WARN] PackLoader:240 - Cannot read IP mode file for STMicroelectronics.X-CUBE-SUBG2.5.0.0
2025-10-09 10:06:14,904 [WARN] PackLoader:240 - Cannot read IP mode file for STMicroelectronics.X-CUBE-AZRTOS-H7RS.1.1.0
2025-10-09 10:06:14,997 [WARN] PackLoader:240 - Cannot read IP mode file for STMicroelectronics.X-CUBE-AZRTOS-G4.2.0.0
2025-10-09 10:06:15,002 [WARN] PackLoader:240 - Cannot read IP mode file for wolfSSL.I-CUBE-wolfSSH.1.4.20
2025-10-09 10:06:15,005 [WARN] PackLoader:240 - Cannot read IP mode file for STMicroelectronics.X-CUBE-NFC7.2.0.0
2025-10-09 10:06:15,015 [WARN] PackLoader:240 - Cannot read IP mode file for STMicroelectronics.X-CUBE-IPS.3.1.0
2025-10-09 10:06:15,023 [WARN] PackLoader:240 - Cannot read IP mode file for STMicroelectronics.X-CUBE-ALS.1.0.2
2025-10-09 10:06:15,029 [WARN] PackLoader:240 - Cannot read IP mode file for STMicroelectronics.X-CUBE-STSE01.1.0.0
2025-10-09 10:06:15,088 [WARN] PackLoader:240 - Cannot read IP mode file for STMicroelectronics.X-CUBE-TOF1.3.4.3
2025-10-09 10:06:15,143 [INFO] ThirdParty:978 - Integrity check success = true
2025-10-09 10:06:15,143 [INFO] IntegrityCheckThread:100 - exiting critical section [integrity check]
2025-10-09 10:06:15,143 [INFO] IntegrityCheckThread:103 - End integrity checks thread
2025-10-09 10:06:17,347 [INFO] WebApp:463 - Apply proxy settings
2025-10-09 10:06:17,347 [INFO] WebApp:548 - Chromium requires no authentication
2025-10-09 10:06:17,359 [INFO] WebApp:491 - Direct internet connection detected
2025-10-09 10:06:17,449 [INFO] WebApp:900 - Register for checkConnection events
2025-10-09 10:06:17,450 [INFO] WebApp:463 - Apply proxy settings
2025-10-09 10:06:17,450 [INFO] WebApp:548 - Chromium requires no authentication
2025-10-09 10:06:17,477 [INFO] WebApp:491 - Direct internet connection detected
2025-10-09 10:06:17,729 [INFO] WebApp:225 - Starting web application
2025-10-09 10:06:17,730 [INFO] WebApp:593 - Web application path used /opt/st/stm32cubeide_1.19.0/plugins/com.st.stm32cube.common.mx_6.15.0.202507011659/db/plugins/mcufinder/reactClient1/index.html
2025-10-09 10:06:18,343 [INFO] WebApp:191 - Connection restablished
2025-10-09 10:06:33,218 [ERROR] LogOutputStream:75 - [STDERR_REDIRECT] Oct 09, 2025 10:06:33 AM java.util.prefs.FileSystemPreferences checkLockFile0ErrorCode
2025-10-09 10:06:33,219 [ERROR] LogOutputStream:75 - [STDERR_REDIRECT] WARNING: Could not lock System prefs. Unix error code 2.
2025-10-09 10:06:33,219 [ERROR] LogOutputStream:75 - [STDERR_REDIRECT] 
2025-10-09 10:06:33,219 [ERROR] LogOutputStream:75 - [STDERR_REDIRECT] Oct 09, 2025 10:06:33 AM java.util.prefs.FileSystemPreferences syncWorld
2025-10-09 10:06:33,220 [ERROR] LogOutputStream:75 - [STDERR_REDIRECT] WARNING: Couldn't flush system prefs: java.util.prefs.BackingStoreException: Couldn't get file lock.
2025-10-09 10:06:33,220 [ERROR] LogOutputStream:75 - [STDERR_REDIRECT] 
2025-10-09 10:06:52,596 [INFO] WebApp:194 - Connection lost
2025-10-09 10:06:52,919 [INFO] WebApp:191 - Connection restablished
2025-10-09 10:07:03,209 [ERROR] LogOutputStream:75 - [STDERR_REDIRECT] Oct 09, 2025 10:07:03 AM java.util.prefs.FileSystemPreferences checkLockFile0ErrorCode
2025-10-09 10:07:03,209 [ERROR] LogOutputStream:75 - [STDERR_REDIRECT] WARNING: Could not lock System prefs. Unix error code 2.
2025-10-09 10:07:03,210 [ERROR] LogOutputStream:75 - [STDERR_REDIRECT] 
2025-10-09 10:07:03,210 [ERROR] LogOutputStream:75 - [STDERR_REDIRECT] Oct 09, 2025 10:07:03 AM java.util.prefs.FileSystemPreferences syncWorld
2025-10-09 10:07:03,210 [ERROR] LogOutputStream:75 - [STDERR_REDIRECT] WARNING: Couldn't flush system prefs: java.util.prefs.BackingStoreException: Couldn't get file lock.
2025-10-09 10:07:03,210 [ERROR] LogOutputStream:75 - [STDERR_REDIRECT] 
